
> vault-node@0.1.0 build
> next build

▲ Next.js 16.1.6 (Turbopack)

⚠ The "middleware" file convention is deprecated. Please use "proxy" instead. Learn more: https://nextjs.org/docs/messages/middleware-to-proxy
  Creating an optimized production build ...

> Build error occurred
Error: Turbopack build failed with 3 errors:
./src/app/[locale]/page.tsx:29:36
Module not found: Can't resolve '../lib/pdf.worker.ts'
[0m [90m 27 |[39m
 [90m 28 |[39m   useEffect(() [33m=>[39m {
[31m[1m>[22m[39m[90m 29 |[39m     workerRef[33m.[39mcurrent [33m=[39m [36mnew[39m [33mWorker[39m([36mnew[39m [33mURL[39m([32m'../lib/pdf.worker.ts'[39m[33m,[39m [36mimport[39m[33m.[39mmeta[33m.[39murl))[33m;[39m
 [90m    |[39m                                    [31m[1m^[22m[39m[31m[1m^[22m[39m[31m[1m^[22m[39m[31m[1m^[22m[39m[31m[1m^[22m[39m[31m[1m^[22m[39m[31m[1m^[22m[39m[31m[1m^[22m[39m[31m[1m^[22m[39m[31m[1m^[22m[39m[31m[1m^[22m[39m[31m[1m^[22m[39m[31m[1m^[22m[39m[31m[1m^[22m[39m[31m[1m^[22m[39m[31m[1m^[22m[39m[31m[1m^[22m[39m[31m[1m^[22m[39m[31m[1m^[22m[39m[31m[1m^[22m[39m[31m[1m^[22m[39m[31m[1m^[22m[39m[31m[1m^[22m[39m[31m[1m^[22m[39m[31m[1m^[22m[39m[31m[1m^[22m[39m[31m[1m^[22m[39m[31m[1m^[22m[39m[31m[1m^[22m[39m[31m[1m^[22m[39m[31m[1m^[22m[39m[31m[1m^[22m[39m[31m[1m^[22m[39m[31m[1m^[22m[39m[31m[1m^[22m[39m[31m[1m^[22m[39m[31m[1m^[22m[39m[31m[1m^[22m[39m[31m[1m^[22m[39m[31m[1m^[22m[39m[31m[1m^[22m[39m[31m[1m^[22m[39m[31m[1m^[22m[39m[31m[1m^[22m[39m[31m[1m^[22m[39m[31m[1m^[22m[39m[31m[1m^[22m[39m[31m[1m^[22m[39m
 [90m 30 |[39m     workerRef[33m.[39mcurrent[33m.[39monmessage [33m=[39m (event[33m:[39m [33mMessageEvent[39m) [33m=>[39m {
 [90m 31 |[39m       [36mconst[39m { type[33m,[39m payload } [33m=[39m event[33m.[39mdata[33m;[39m
 [90m 32 |[39m       [36mif[39m (type [33m===[39m [32m'MERGE_SUCCESS'[39m) {[0m



Import traces:
  Client Component Browser:
    ./src/app/[locale]/page.tsx [Client Component Browser]
    ./src/app/[locale]/page.tsx [Server Component]

  Client Component SSR:
    ./src/app/[locale]/page.tsx [Client Component SSR]
    ./src/app/[locale]/page.tsx [Server Component]

https://nextjs.org/docs/messages/module-not-found


./src/app/[locale]/page.tsx:29:25
Module not found: Can't resolve '../lib/pdf.worker.ts'
[0m [90m 27 |[39m
 [90m 28 |[39m   useEffect(() [33m=>[39m {
[31m[1m>[22m[39m[90m 29 |[39m     workerRef[33m.[39mcurrent [33m=[39m [36mnew[39m [33mWorker[39m([36mnew[39m [33mURL[39m([32m'../lib/pdf.worker.ts'[39m[33m,[39m [36mimport[39m[33m.[39mmeta[33m.[39murl))[33m;[39m
 [90m    |[39m                         [31m[1m^[22m[39m[31m[1m^[22m[39m[31m[1m^[22m[39m[31m[1m^[22m[39m[31m[1m^[22m[39m[31m[1m^[22m[39m[31m[1m^[22m[39m[31m[1m^[22m[39m[31m[1m^[22m[39m[31m[1m^[22m[39m[31m[1m^[22m[39m[31m[1m^[22m[39m[31m[1m^[22m[39m[31m[1m^[22m[39m[31m[1m^[22m[39m[31m[1m^[22m[39m[31m[1m^[22m[39m[31m[1m^[22m[39m[31m[1m^[22m[39m[31m[1m^[22m[39m[31m[1m^[22m[39m[31m[1m^[22m[39m[31m[1m^[22m[39m[31m[1m^[22m[39m[31m[1m^[22m[39m[31m[1m^[22m[39m[31m[1m^[22m[39m[31m[1m^[22m[39m[31m[1m^[22m[39m[31m[1m^[22m[39m[31m[1m^[22m[39m[31m[1m^[22m[39m[31m[1m^[22m[39m[31m[1m^[22m[39m[31m[1m^[22m[39m[31m[1m^[22m[39m[31m[1m^[22m[39m[31m[1m^[22m[39m[31m[1m^[22m[39m[31m[1m^[22m[39m[31m[1m^[22m[39m[31m[1m^[22m[39m[31m[1m^[22m[39m[31m[1m^[22m[39m[31m[1m^[22m[39m[31m[1m^[22m[39m[31m[1m^[22m[39m[31m[1m^[22m[39m[31m[1m^[22m[39m[31m[1m^[22m[39m[31m[1m^[22m[39m[31m[1m^[22m[39m[31m[1m^[22m[39m[31m[1m^[22m[39m[31m[1m^[22m[39m[31m[1m^[22m[39m[31m[1m^[22m[39m[31m[1m^[22m[39m[31m[1m^[22m[39m[31m[1m^[22m[39m
 [90m 30 |[39m     workerRef[33m.[39mcurrent[33m.[39monmessage [33m=[39m (event[33m:[39m [33mMessageEvent[39m) [33m=>[39m {
 [90m 31 |[39m       [36mconst[39m { type[33m,[39m payload } [33m=[39m event[33m.[39mdata[33m;[39m
 [90m 32 |[39m       [36mif[39m (type [33m===[39m [32m'MERGE_SUCCESS'[39m) {[0m



Import traces:
  Client Component Browser:
    ./src/app/[locale]/page.tsx [Client Component Browser]
    ./src/app/[locale]/page.tsx [Server Component]

  Client Component SSR:
    ./src/app/[locale]/page.tsx [Client Component SSR]
    ./src/app/[locale]/page.tsx [Server Component]

https://nextjs.org/docs/messages/module-not-found


./src/app/[locale]/page.tsx
Code generation for chunk item errored
An error occurred while generating the chunk item [project]/src/app/[locale]/page.tsx [app-client] (ecmascript)

Caused by:
- Worker loader could not be created

Debug info:
- An error occurred while generating the chunk item [project]/src/app/[locale]/page.tsx [app-client] (ecmascript)
- Execution of <MergedEcmascriptModuleChunkItem as EcmascriptChunkItem>::content_with_async_module_info failed
- Execution of *EcmascriptChunkItemContent::new failed
- Execution of EcmascriptModuleContent::new_merged failed
- Worker loader could not be created

Import traces:
  Client Component Browser:
    ./src/app/[locale]/page.tsx [Client Component Browser]
    ./src/app/[locale]/page.tsx [Server Component]

  Client Component SSR:
    ./src/app/[locale]/page.tsx [Client Component SSR]
    ./src/app/[locale]/page.tsx [Server Component]


    at <unknown> (./src/app/[locale]/page.tsx:29:36)
    at <unknown> (https://nextjs.org/docs/messages/module-not-found)
    at <unknown> (./src/app/[locale]/page.tsx:29:25)
    at <unknown> (https://nextjs.org/docs/messages/module-not-found)
